2019-11-25 01:57:42.8849|INFO|FSE_SBA.Utils.LoggingUtility|Operation Result Format: JSON
Request ID: 80000013-0000-fc00-b63f-84710c7967bb
Method: POST
URL: http://localhost:49461/api/user/delete
Controller : FSE_SBA.Controllers.UserController
Action : DeleteUserDetails
Action Parameters : System.Web.Http.Tracing.ITraceWriterExtensions+<>c__DisplayClass14_0

2019-11-25 01:57:42.9529|INFO|FSE_SBA.Utils.LoggingUtility|Operation Result Format: JSON
Request ID: 80000014-0000-fc00-b63f-84710c7967bb
Method: GET
URL: http://localhost:49461/api/user
Controller : FSE_SBA.Controllers.UserController
Action : GetUser
Action Parameters : System.Web.Http.Tracing.ITraceWriterExtensions+<>c__DisplayClass14_0

2019-11-25 01:57:42.9529|INFO|FSE_SBA.Utils.LoggingUtility|Operation Result Format: JSON
Request ID: 80000014-0000-fc00-b63f-84710c7967bb
Method: GET
URL: http://localhost:49461/api/user
Controller : FSE_SBA.Controllers.UserController
Action : GetUser
Action Parameters : System.Web.Http.Tracing.ITraceWriterExtensions+<>c__DisplayClass14_0

2019-11-25 01:57:48.9260|INFO|FSE_SBA.Utils.LoggingUtility|Operation Result Format: JSON
Request ID: 80000015-0000-fc00-b63f-84710c7967bb
Method: GET
URL: http://localhost:49461/api/user
Controller : FSE_SBA.Controllers.UserController
Action : GetUser
Action Parameters : System.Web.Http.Tracing.ITraceWriterExtensions+<>c__DisplayClass14_0

2019-11-25 01:57:48.9260|INFO|FSE_SBA.Utils.LoggingUtility|Operation Result Format: JSON
Request ID: 80000015-0000-fc00-b63f-84710c7967bb
Method: GET
URL: http://localhost:49461/api/user
Controller : FSE_SBA.Controllers.UserController
Action : GetUser
Action Parameters : System.Web.Http.Tracing.ITraceWriterExtensions+<>c__DisplayClass14_0

2019-11-25 01:57:48.9260|INFO|FSE_SBA.Utils.LoggingUtility|Operation Result Format: JSON
Request ID: 80000020-0002-fc00-b63f-84710c7967bb
Method: GET
URL: http://localhost:49461/api/project
Controller : FSE_SBA.Controllers.ProjectController
Action : RetrieveProjects
Action Parameters : System.Web.Http.Tracing.ITraceWriterExtensions+<>c__DisplayClass14_0

2019-11-25 01:57:48.9490|INFO|FSE_SBA.Utils.LoggingUtility|Operation Result Format: JSON
Request ID: 80000020-0002-fc00-b63f-84710c7967bb
Method: GET
URL: http://localhost:49461/api/project
Controller : FSE_SBA.Controllers.ProjectController
Action : RetrieveProjects
Action Parameters : System.Web.Http.Tracing.ITraceWriterExtensions+<>c__DisplayClass14_0

2019-11-25 01:57:56.1932|INFO|FSE_SBA.Utils.LoggingUtility|Operation Result Format: JSON
Request ID: 80000021-0002-fc00-b63f-84710c7967bb
Method: GET
URL: http://localhost:49461/api/user
Controller : FSE_SBA.Controllers.UserController
Action : GetUser
Action Parameters : System.Web.Http.Tracing.ITraceWriterExtensions+<>c__DisplayClass14_0

2019-11-25 01:57:56.1932|INFO|FSE_SBA.Utils.LoggingUtility|Operation Result Format: JSON
Request ID: 80000021-0002-fc00-b63f-84710c7967bb
Method: GET
URL: http://localhost:49461/api/user
Controller : FSE_SBA.Controllers.UserController
Action : GetUser
Action Parameters : System.Web.Http.Tracing.ITraceWriterExtensions+<>c__DisplayClass14_0

2019-11-25 01:59:27.6169|INFO|FSE_SBA.Utils.LoggingUtility|Operation Result Format: JSON
Request ID: 80000022-0002-fc00-b63f-84710c7967bb
Method: GET
URL: http://localhost:49461/api/user
Controller : FSE_SBA.Controllers.UserController
Action : GetUser
Action Parameters : System.Web.Http.Tracing.ITraceWriterExtensions+<>c__DisplayClass14_0

2019-11-25 01:59:27.6169|INFO|FSE_SBA.Utils.LoggingUtility|Operation Result Format: JSON
Request ID: 80000022-0002-fc00-b63f-84710c7967bb
Method: GET
URL: http://localhost:49461/api/user
Controller : FSE_SBA.Controllers.UserController
Action : GetUser
Action Parameters : System.Web.Http.Tracing.ITraceWriterExtensions+<>c__DisplayClass14_0

2019-11-25 02:00:30.1965|INFO|FSE_SBA.Utils.LoggingUtility|Operation Result Format: JSON
Request ID: 80000023-0002-fc00-b63f-84710c7967bb
Method: GET
URL: http://localhost:49461/api/user
Controller : FSE_SBA.Controllers.UserController
Action : GetUser
Action Parameters : System.Web.Http.Tracing.ITraceWriterExtensions+<>c__DisplayClass14_0

2019-11-25 02:00:30.1965|INFO|FSE_SBA.Utils.LoggingUtility|Operation Result Format: JSON
Request ID: 80000023-0002-fc00-b63f-84710c7967bb
Method: GET
URL: http://localhost:49461/api/user
Controller : FSE_SBA.Controllers.UserController
Action : GetUser
Action Parameters : System.Web.Http.Tracing.ITraceWriterExtensions+<>c__DisplayClass14_0

2019-11-25 02:01:25.6680|INFO|FSE_SBA.Utils.LoggingUtility|Operation Result Format: JSON
Request ID: 80000024-0002-fc00-b63f-84710c7967bb
Method: GET
URL: http://localhost:49461/api/user
Controller : FSE_SBA.Controllers.UserController
Action : GetUser
Action Parameters : System.Web.Http.Tracing.ITraceWriterExtensions+<>c__DisplayClass14_0

2019-11-25 02:01:25.6690|INFO|FSE_SBA.Utils.LoggingUtility|Operation Result Format: JSON
Request ID: 80000024-0002-fc00-b63f-84710c7967bb
Method: GET
URL: http://localhost:49461/api/user
Controller : FSE_SBA.Controllers.UserController
Action : GetUser
Action Parameters : System.Web.Http.Tracing.ITraceWriterExtensions+<>c__DisplayClass14_0

2019-11-25 02:01:50.1097|INFO|FSE_SBA.Utils.LoggingUtility|Operation Result Format: JSON
Request ID: 80000025-0002-fc00-b63f-84710c7967bb
Method: GET
URL: http://localhost:49461/api/user
Controller : FSE_SBA.Controllers.UserController
Action : GetUser
Action Parameters : System.Web.Http.Tracing.ITraceWriterExtensions+<>c__DisplayClass14_0

2019-11-25 02:01:50.1097|INFO|FSE_SBA.Utils.LoggingUtility|Operation Result Format: JSON
Request ID: 80000025-0002-fc00-b63f-84710c7967bb
Method: GET
URL: http://localhost:49461/api/user
Controller : FSE_SBA.Controllers.UserController
Action : GetUser
Action Parameters : System.Web.Http.Tracing.ITraceWriterExtensions+<>c__DisplayClass14_0

2019-11-25 02:02:13.4590|INFO|FSE_SBA.Utils.LoggingUtility|Operation Result Format: JSON
Request ID: 80000026-0002-fc00-b63f-84710c7967bb
Method: GET
URL: http://localhost:49461/api/user
Controller : FSE_SBA.Controllers.UserController
Action : GetUser
Action Parameters : System.Web.Http.Tracing.ITraceWriterExtensions+<>c__DisplayClass14_0

2019-11-25 02:02:13.4590|INFO|FSE_SBA.Utils.LoggingUtility|Operation Result Format: JSON
Request ID: 80000026-0002-fc00-b63f-84710c7967bb
Method: GET
URL: http://localhost:49461/api/user
Controller : FSE_SBA.Controllers.UserController
Action : GetUser
Action Parameters : System.Web.Http.Tracing.ITraceWriterExtensions+<>c__DisplayClass14_0

2019-11-25 02:02:20.0389|INFO|FSE_SBA.Utils.LoggingUtility|Operation Result Format: JSON
Request ID: 80000027-0002-fc00-b63f-84710c7967bb
Method: GET
URL: http://localhost:49461/api/user
Controller : FSE_SBA.Controllers.UserController
Action : GetUser
Action Parameters : System.Web.Http.Tracing.ITraceWriterExtensions+<>c__DisplayClass14_0

2019-11-25 02:02:20.0389|INFO|FSE_SBA.Utils.LoggingUtility|Operation Result Format: JSON
Request ID: 80000027-0002-fc00-b63f-84710c7967bb
Method: GET
URL: http://localhost:49461/api/user
Controller : FSE_SBA.Controllers.UserController
Action : GetUser
Action Parameters : System.Web.Http.Tracing.ITraceWriterExtensions+<>c__DisplayClass14_0

2019-11-25 02:03:13.5607|INFO|FSE_SBA.Utils.LoggingUtility|Operation Result Format: JSON
Request ID: 80000028-0002-fc00-b63f-84710c7967bb
Method: GET
URL: http://localhost:49461/api/user
Controller : FSE_SBA.Controllers.UserController
Action : GetUser
Action Parameters : System.Web.Http.Tracing.ITraceWriterExtensions+<>c__DisplayClass14_0

2019-11-25 02:03:13.5607|INFO|FSE_SBA.Utils.LoggingUtility|Operation Result Format: JSON
Request ID: 80000028-0002-fc00-b63f-84710c7967bb
Method: GET
URL: http://localhost:49461/api/user
Controller : FSE_SBA.Controllers.UserController
Action : GetUser
Action Parameters : System.Web.Http.Tracing.ITraceWriterExtensions+<>c__DisplayClass14_0

2019-11-25 02:03:51.0113|INFO|FSE_SBA.Utils.LoggingUtility|Operation Result Format: JSON
Request ID: 80000029-0002-fc00-b63f-84710c7967bb
Method: GET
URL: http://localhost:49461/api/user
Controller : FSE_SBA.Controllers.UserController
Action : GetUser
Action Parameters : System.Web.Http.Tracing.ITraceWriterExtensions+<>c__DisplayClass14_0

2019-11-25 02:03:51.0143|INFO|FSE_SBA.Utils.LoggingUtility|Operation Result Format: JSON
Request ID: 80000029-0002-fc00-b63f-84710c7967bb
Method: GET
URL: http://localhost:49461/api/user
Controller : FSE_SBA.Controllers.UserController
Action : GetUser
Action Parameters : System.Web.Http.Tracing.ITraceWriterExtensions+<>c__DisplayClass14_0

2019-11-25 02:03:59.2379|INFO|FSE_SBA.Utils.LoggingUtility|Operation Result Format: JSON
Request ID: 8000002a-0002-fc00-b63f-84710c7967bb
Method: GET
URL: http://localhost:49461/api/user
Controller : FSE_SBA.Controllers.UserController
Action : GetUser
Action Parameters : System.Web.Http.Tracing.ITraceWriterExtensions+<>c__DisplayClass14_0

2019-11-25 02:03:59.2379|INFO|FSE_SBA.Utils.LoggingUtility|Operation Result Format: JSON
Request ID: 8000002a-0002-fc00-b63f-84710c7967bb
Method: GET
URL: http://localhost:49461/api/user
Controller : FSE_SBA.Controllers.UserController
Action : GetUser
Action Parameters : System.Web.Http.Tracing.ITraceWriterExtensions+<>c__DisplayClass14_0

2019-11-25 02:04:07.2322|INFO|FSE_SBA.Utils.LoggingUtility|Operation Result Format: JSON
Request ID: 8000002b-0002-fc00-b63f-84710c7967bb
Method: GET
URL: http://localhost:49461/api/user
Controller : FSE_SBA.Controllers.UserController
Action : GetUser
Action Parameters : System.Web.Http.Tracing.ITraceWriterExtensions+<>c__DisplayClass14_0

2019-11-25 02:04:07.2322|INFO|FSE_SBA.Utils.LoggingUtility|Operation Result Format: JSON
Request ID: 8000002b-0002-fc00-b63f-84710c7967bb
Method: GET
URL: http://localhost:49461/api/user
Controller : FSE_SBA.Controllers.UserController
Action : GetUser
Action Parameters : System.Web.Http.Tracing.ITraceWriterExtensions+<>c__DisplayClass14_0

2019-11-25 02:04:13.4362|INFO|FSE_SBA.Utils.LoggingUtility|Operation Result Format: JSON
Request ID: 8000002c-0002-fc00-b63f-84710c7967bb
Method: GET
URL: http://localhost:49461/api/user
Controller : FSE_SBA.Controllers.UserController
Action : GetUser
Action Parameters : System.Web.Http.Tracing.ITraceWriterExtensions+<>c__DisplayClass14_0

2019-11-25 02:04:13.4362|INFO|FSE_SBA.Utils.LoggingUtility|Operation Result Format: JSON
Request ID: 8000002c-0002-fc00-b63f-84710c7967bb
Method: GET
URL: http://localhost:49461/api/user
Controller : FSE_SBA.Controllers.UserController
Action : GetUser
Action Parameters : System.Web.Http.Tracing.ITraceWriterExtensions+<>c__DisplayClass14_0

2019-11-25 02:04:27.5740|INFO|FSE_SBA.Utils.LoggingUtility|Operation Result Format: JSON
Request ID: 8000002d-0002-fc00-b63f-84710c7967bb
Method: GET
URL: http://localhost:49461/api/user
Controller : FSE_SBA.Controllers.UserController
Action : GetUser
Action Parameters : System.Web.Http.Tracing.ITraceWriterExtensions+<>c__DisplayClass14_0

2019-11-25 02:04:27.5980|INFO|FSE_SBA.Utils.LoggingUtility|Operation Result Format: JSON
Request ID: 8000002d-0002-fc00-b63f-84710c7967bb
Method: GET
URL: http://localhost:49461/api/user
Controller : FSE_SBA.Controllers.UserController
Action : GetUser
Action Parameters : System.Web.Http.Tracing.ITraceWriterExtensions+<>c__DisplayClass14_0

2019-11-25 02:04:40.4125|INFO|FSE_SBA.Utils.LoggingUtility|Operation Result Format: JSON
Request ID: 8000002e-0002-fc00-b63f-84710c7967bb
Method: GET
URL: http://localhost:49461/api/user
Controller : FSE_SBA.Controllers.UserController
Action : GetUser
Action Parameters : System.Web.Http.Tracing.ITraceWriterExtensions+<>c__DisplayClass14_0

2019-11-25 02:04:40.4125|INFO|FSE_SBA.Utils.LoggingUtility|Operation Result Format: JSON
Request ID: 8000002e-0002-fc00-b63f-84710c7967bb
Method: GET
URL: http://localhost:49461/api/user
Controller : FSE_SBA.Controllers.UserController
Action : GetUser
Action Parameters : System.Web.Http.Tracing.ITraceWriterExtensions+<>c__DisplayClass14_0

2019-11-25 02:04:49.3071|INFO|FSE_SBA.Utils.LoggingUtility|Operation Result Format: JSON
Request ID: 8000002f-0002-fc00-b63f-84710c7967bb
Method: GET
URL: http://localhost:49461/api/user
Controller : FSE_SBA.Controllers.UserController
Action : GetUser
Action Parameters : System.Web.Http.Tracing.ITraceWriterExtensions+<>c__DisplayClass14_0

2019-11-25 02:04:49.3071|INFO|FSE_SBA.Utils.LoggingUtility|Operation Result Format: JSON
Request ID: 8000002f-0002-fc00-b63f-84710c7967bb
Method: GET
URL: http://localhost:49461/api/user
Controller : FSE_SBA.Controllers.UserController
Action : GetUser
Action Parameters : System.Web.Http.Tracing.ITraceWriterExtensions+<>c__DisplayClass14_0

2019-11-25 02:04:55.8378|INFO|FSE_SBA.Utils.LoggingUtility|Operation Result Format: JSON
Request ID: 80000030-0002-fc00-b63f-84710c7967bb
Method: GET
URL: http://localhost:49461/api/user
Controller : FSE_SBA.Controllers.UserController
Action : GetUser
Action Parameters : System.Web.Http.Tracing.ITraceWriterExtensions+<>c__DisplayClass14_0

2019-11-25 02:04:55.8418|INFO|FSE_SBA.Utils.LoggingUtility|Operation Result Format: JSON
Request ID: 80000030-0002-fc00-b63f-84710c7967bb
Method: GET
URL: http://localhost:49461/api/user
Controller : FSE_SBA.Controllers.UserController
Action : GetUser
Action Parameters : System.Web.Http.Tracing.ITraceWriterExtensions+<>c__DisplayClass14_0

2019-11-25 02:05:13.1319|INFO|FSE_SBA.Utils.LoggingUtility|Operation Result Format: JSON
Request ID: 80000032-0002-fc00-b63f-84710c7967bb
Method: POST
URL: http://localhost:49461/api/user/add
Controller : FSE_SBA.Controllers.UserController
Action : InsertUserDetails
Action Parameters : System.Web.Http.Tracing.ITraceWriterExtensions+<>c__DisplayClass14_0

2019-11-25 02:05:13.1319|INFO|FSE_SBA.Utils.LoggingUtility|Operation Result Format: JSON
Request ID: 80000032-0002-fc00-b63f-84710c7967bb
Method: POST
URL: http://localhost:49461/api/user/add
Controller : FSE_SBA.Controllers.UserController
Action : InsertUserDetails
Action Parameters : System.Web.Http.Tracing.ITraceWriterExtensions+<>c__DisplayClass14_0

2019-11-25 02:05:13.1679|INFO|FSE_SBA.Utils.LoggingUtility|Operation Result Format: JSON
Request ID: 80000033-0002-fc00-b63f-84710c7967bb
Method: GET
URL: http://localhost:49461/api/user
Controller : FSE_SBA.Controllers.UserController
Action : GetUser
Action Parameters : System.Web.Http.Tracing.ITraceWriterExtensions+<>c__DisplayClass14_0

2019-11-25 02:05:13.1719|INFO|FSE_SBA.Utils.LoggingUtility|Operation Result Format: JSON
Request ID: 80000033-0002-fc00-b63f-84710c7967bb
Method: GET
URL: http://localhost:49461/api/user
Controller : FSE_SBA.Controllers.UserController
Action : GetUser
Action Parameters : System.Web.Http.Tracing.ITraceWriterExtensions+<>c__DisplayClass14_0

2019-11-25 02:05:38.8858|INFO|FSE_SBA.Utils.LoggingUtility|Operation Result Format: JSON
Request ID: 80000034-0002-fc00-b63f-84710c7967bb
Method: GET
URL: http://localhost:49461/api/user
Controller : FSE_SBA.Controllers.UserController
Action : GetUser
Action Parameters : System.Web.Http.Tracing.ITraceWriterExtensions+<>c__DisplayClass14_0

2019-11-25 02:05:38.8918|INFO|FSE_SBA.Utils.LoggingUtility|Operation Result Format: JSON
Request ID: 80000034-0002-fc00-b63f-84710c7967bb
Method: GET
URL: http://localhost:49461/api/user
Controller : FSE_SBA.Controllers.UserController
Action : GetUser
Action Parameters : System.Web.Http.Tracing.ITraceWriterExtensions+<>c__DisplayClass14_0

2019-11-25 02:06:05.9251|INFO|FSE_SBA.Utils.LoggingUtility|Operation Result Format: JSON
Request ID: 80000035-0002-fc00-b63f-84710c7967bb
Method: GET
URL: http://localhost:49461/api/user
Controller : FSE_SBA.Controllers.UserController
Action : GetUser
Action Parameters : System.Web.Http.Tracing.ITraceWriterExtensions+<>c__DisplayClass14_0

2019-11-25 02:06:05.9251|INFO|FSE_SBA.Utils.LoggingUtility|Operation Result Format: JSON
Request ID: 80000035-0002-fc00-b63f-84710c7967bb
Method: GET
URL: http://localhost:49461/api/user
Controller : FSE_SBA.Controllers.UserController
Action : GetUser
Action Parameters : System.Web.Http.Tracing.ITraceWriterExtensions+<>c__DisplayClass14_0

2019-11-25 02:08:10.6554|INFO|FSE_SBA.Utils.LoggingUtility|Operation Result Format: JSON
Request ID: 80000036-0002-fc00-b63f-84710c7967bb
Method: GET
URL: http://localhost:49461/api/user
Controller : FSE_SBA.Controllers.UserController
Action : GetUser
Action Parameters : System.Web.Http.Tracing.ITraceWriterExtensions+<>c__DisplayClass14_0

2019-11-25 02:08:10.6944|INFO|FSE_SBA.Utils.LoggingUtility|Operation Result Format: JSON
Request ID: 80000036-0002-fc00-b63f-84710c7967bb
Method: GET
URL: http://localhost:49461/api/user
Controller : FSE_SBA.Controllers.UserController
Action : GetUser
Action Parameters : System.Web.Http.Tracing.ITraceWriterExtensions+<>c__DisplayClass14_0

2019-11-25 02:08:59.9685|INFO|FSE_SBA.Utils.LoggingUtility|Operation Result Format: JSON
Request ID: 80000037-0002-fc00-b63f-84710c7967bb
Method: GET
URL: http://localhost:49461/api/user
Controller : FSE_SBA.Controllers.UserController
Action : GetUser
Action Parameters : System.Web.Http.Tracing.ITraceWriterExtensions+<>c__DisplayClass14_0

2019-11-25 02:08:59.9685|INFO|FSE_SBA.Utils.LoggingUtility|Operation Result Format: JSON
Request ID: 80000037-0002-fc00-b63f-84710c7967bb
Method: GET
URL: http://localhost:49461/api/user
Controller : FSE_SBA.Controllers.UserController
Action : GetUser
Action Parameters : System.Web.Http.Tracing.ITraceWriterExtensions+<>c__DisplayClass14_0

2019-11-25 02:09:11.1690|INFO|FSE_SBA.Utils.LoggingUtility|Operation Result Format: JSON
Request ID: 80000038-0002-fc00-b63f-84710c7967bb
Method: GET
URL: http://localhost:49461/api/user
Controller : FSE_SBA.Controllers.UserController
Action : GetUser
Action Parameters : System.Web.Http.Tracing.ITraceWriterExtensions+<>c__DisplayClass14_0

2019-11-25 02:09:11.1690|INFO|FSE_SBA.Utils.LoggingUtility|Operation Result Format: JSON
Request ID: 80000038-0002-fc00-b63f-84710c7967bb
Method: GET
URL: http://localhost:49461/api/user
Controller : FSE_SBA.Controllers.UserController
Action : GetUser
Action Parameters : System.Web.Http.Tracing.ITraceWriterExtensions+<>c__DisplayClass14_0

2019-11-25 02:09:19.1399|INFO|FSE_SBA.Utils.LoggingUtility|Operation Result Format: JSON
Request ID: 80000039-0002-fc00-b63f-84710c7967bb
Method: GET
URL: http://localhost:49461/api/user
Controller : FSE_SBA.Controllers.UserController
Action : GetUser
Action Parameters : System.Web.Http.Tracing.ITraceWriterExtensions+<>c__DisplayClass14_0

2019-11-25 02:09:19.1399|INFO|FSE_SBA.Utils.LoggingUtility|Operation Result Format: JSON
Request ID: 80000039-0002-fc00-b63f-84710c7967bb
Method: GET
URL: http://localhost:49461/api/user
Controller : FSE_SBA.Controllers.UserController
Action : GetUser
Action Parameters : System.Web.Http.Tracing.ITraceWriterExtensions+<>c__DisplayClass14_0

2019-11-25 02:10:04.3015|INFO|FSE_SBA.Utils.LoggingUtility|Operation Result Format: JSON
Request ID: 8000003a-0002-fc00-b63f-84710c7967bb
Method: GET
URL: http://localhost:49461/api/project
Controller : FSE_SBA.Controllers.ProjectController
Action : RetrieveProjects
Action Parameters : System.Web.Http.Tracing.ITraceWriterExtensions+<>c__DisplayClass14_0

2019-11-25 02:10:04.3015|INFO|FSE_SBA.Utils.LoggingUtility|Operation Result Format: JSON
Request ID: 8000003a-0002-fc00-b63f-84710c7967bb
Method: GET
URL: http://localhost:49461/api/project
Controller : FSE_SBA.Controllers.ProjectController
Action : RetrieveProjects
Action Parameters : System.Web.Http.Tracing.ITraceWriterExtensions+<>c__DisplayClass14_0

2019-11-25 02:13:47.7883|INFO|FSE_SBA.Utils.LoggingUtility|Operation Result Format: JSON
Request ID: 80000007-0003-fd00-b63f-84710c7967bb
Method: GET
URL: http://localhost:49461/api/project
Controller : FSE_SBA.Controllers.ProjectController
Action : RetrieveProjects
Action Parameters : System.Web.Http.Tracing.ITraceWriterExtensions+<>c__DisplayClass14_0

2019-11-25 02:13:47.7943|INFO|FSE_SBA.Utils.LoggingUtility|Operation Result Format: JSON
Request ID: 80000007-0003-fd00-b63f-84710c7967bb
Method: GET
URL: http://localhost:49461/api/project
Controller : FSE_SBA.Controllers.ProjectController
Action : RetrieveProjects
Action Parameters : System.Web.Http.Tracing.ITraceWriterExtensions+<>c__DisplayClass14_0

2019-11-25 02:16:12.7108|INFO|FSE_SBA.Utils.LoggingUtility|Operation Result Format: JSON
Request ID: 80000019-0001-f900-b63f-84710c7967bb
Method: GET
URL: http://localhost:49461/api/project
Controller : FSE_SBA.Controllers.ProjectController
Action : RetrieveProjects
Action Parameters : System.Web.Http.Tracing.ITraceWriterExtensions+<>c__DisplayClass14_0

2019-11-25 02:16:12.7278|INFO|FSE_SBA.Utils.LoggingUtility|Operation Result Format: JSON
Request ID: 80000019-0001-f900-b63f-84710c7967bb
Method: GET
URL: http://localhost:49461/api/project
Controller : FSE_SBA.Controllers.ProjectController
Action : RetrieveProjects
Action Parameters : System.Web.Http.Tracing.ITraceWriterExtensions+<>c__DisplayClass14_0

2019-11-25 02:17:50.3480|INFO|FSE_SBA.Utils.LoggingUtility|Operation Result Format: JSON
Request ID: 8000001a-0001-f900-b63f-84710c7967bb
Method: GET
URL: http://localhost:49461/api/project
Controller : FSE_SBA.Controllers.ProjectController
Action : RetrieveProjects
Action Parameters : System.Web.Http.Tracing.ITraceWriterExtensions+<>c__DisplayClass14_0

2019-11-25 02:17:50.3480|INFO|FSE_SBA.Utils.LoggingUtility|Operation Result Format: JSON
Request ID: 8000001a-0001-f900-b63f-84710c7967bb
Method: GET
URL: http://localhost:49461/api/project
Controller : FSE_SBA.Controllers.ProjectController
Action : RetrieveProjects
Action Parameters : System.Web.Http.Tracing.ITraceWriterExtensions+<>c__DisplayClass14_0

2019-11-25 02:18:46.3255|INFO|FSE_SBA.Utils.LoggingUtility|Operation Result Format: JSON
Request ID: 8000001b-0001-f900-b63f-84710c7967bb
Method: GET
URL: http://localhost:49461/api/project
Controller : FSE_SBA.Controllers.ProjectController
Action : RetrieveProjects
Action Parameters : System.Web.Http.Tracing.ITraceWriterExtensions+<>c__DisplayClass14_0

2019-11-25 02:18:46.3255|INFO|FSE_SBA.Utils.LoggingUtility|Operation Result Format: JSON
Request ID: 8000001b-0001-f900-b63f-84710c7967bb
Method: GET
URL: http://localhost:49461/api/project
Controller : FSE_SBA.Controllers.ProjectController
Action : RetrieveProjects
Action Parameters : System.Web.Http.Tracing.ITraceWriterExtensions+<>c__DisplayClass14_0

2019-11-25 02:19:19.1328|INFO|FSE_SBA.Utils.LoggingUtility|Operation Result Format: JSON
Request ID: 8000001c-0001-f900-b63f-84710c7967bb
Method: GET
URL: http://localhost:49461/api/project
Controller : FSE_SBA.Controllers.ProjectController
Action : RetrieveProjects
Action Parameters : System.Web.Http.Tracing.ITraceWriterExtensions+<>c__DisplayClass14_0

2019-11-25 02:19:19.1448|INFO|FSE_SBA.Utils.LoggingUtility|Operation Result Format: JSON
Request ID: 8000001c-0001-f900-b63f-84710c7967bb
Method: GET
URL: http://localhost:49461/api/project
Controller : FSE_SBA.Controllers.ProjectController
Action : RetrieveProjects
Action Parameters : System.Web.Http.Tracing.ITraceWriterExtensions+<>c__DisplayClass14_0

2019-11-25 02:19:31.5803|INFO|FSE_SBA.Utils.LoggingUtility|Operation Result Format: JSON
Request ID: 8000001d-0001-f900-b63f-84710c7967bb
Method: GET
URL: http://localhost:49461/api/user
Controller : FSE_SBA.Controllers.UserController
Action : GetUser
Action Parameters : System.Web.Http.Tracing.ITraceWriterExtensions+<>c__DisplayClass14_0

2019-11-25 02:19:31.5803|INFO|FSE_SBA.Utils.LoggingUtility|Operation Result Format: JSON
Request ID: 8000001d-0001-f900-b63f-84710c7967bb
Method: GET
URL: http://localhost:49461/api/user
Controller : FSE_SBA.Controllers.UserController
Action : GetUser
Action Parameters : System.Web.Http.Tracing.ITraceWriterExtensions+<>c__DisplayClass14_0

2019-11-25 02:19:33.7488|INFO|FSE_SBA.Utils.LoggingUtility|Operation Result Format: JSON
Request ID: 8000001e-0001-f900-b63f-84710c7967bb
Method: GET
URL: http://localhost:49461/api/project
Controller : FSE_SBA.Controllers.ProjectController
Action : RetrieveProjects
Action Parameters : System.Web.Http.Tracing.ITraceWriterExtensions+<>c__DisplayClass14_0

2019-11-25 02:19:33.7488|INFO|FSE_SBA.Utils.LoggingUtility|Operation Result Format: JSON
Request ID: 8000001e-0001-f900-b63f-84710c7967bb
Method: GET
URL: http://localhost:49461/api/project
Controller : FSE_SBA.Controllers.ProjectController
Action : RetrieveProjects
Action Parameters : System.Web.Http.Tracing.ITraceWriterExtensions+<>c__DisplayClass14_0

2019-11-25 02:20:45.9749|INFO|FSE_SBA.Utils.LoggingUtility|Operation Result Format: JSON
Request ID: 8000001f-0001-f900-b63f-84710c7967bb
Method: GET
URL: http://localhost:49461/api/project
Controller : FSE_SBA.Controllers.ProjectController
Action : RetrieveProjects
Action Parameters : System.Web.Http.Tracing.ITraceWriterExtensions+<>c__DisplayClass14_0

2019-11-25 02:20:45.9749|INFO|FSE_SBA.Utils.LoggingUtility|Operation Result Format: JSON
Request ID: 8000001f-0001-f900-b63f-84710c7967bb
Method: GET
URL: http://localhost:49461/api/project
Controller : FSE_SBA.Controllers.ProjectController
Action : RetrieveProjects
Action Parameters : System.Web.Http.Tracing.ITraceWriterExtensions+<>c__DisplayClass14_0

2019-11-25 02:22:35.0929|INFO|FSE_SBA.Utils.LoggingUtility|Operation Result Format: JSON
Request ID: 80000020-0001-f900-b63f-84710c7967bb
Method: GET
URL: http://localhost:49461/api/project
Controller : FSE_SBA.Controllers.ProjectController
Action : RetrieveProjects
Action Parameters : System.Web.Http.Tracing.ITraceWriterExtensions+<>c__DisplayClass14_0

2019-11-25 02:22:35.3259|INFO|FSE_SBA.Utils.LoggingUtility|Operation Result Format: JSON
Request ID: 80000020-0001-f900-b63f-84710c7967bb
Method: GET
URL: http://localhost:49461/api/project
Controller : FSE_SBA.Controllers.ProjectController
Action : RetrieveProjects
Action Parameters : System.Web.Http.Tracing.ITraceWriterExtensions+<>c__DisplayClass14_0

2019-11-25 02:24:02.6258|INFO|FSE_SBA.Utils.LoggingUtility|Operation Result Format: JSON
Request ID: 80000021-0001-f900-b63f-84710c7967bb
Method: GET
URL: http://localhost:49461/api/project
Controller : FSE_SBA.Controllers.ProjectController
Action : RetrieveProjects
Action Parameters : System.Web.Http.Tracing.ITraceWriterExtensions+<>c__DisplayClass14_0

2019-11-25 02:24:02.6258|INFO|FSE_SBA.Utils.LoggingUtility|Operation Result Format: JSON
Request ID: 80000021-0001-f900-b63f-84710c7967bb
Method: GET
URL: http://localhost:49461/api/project
Controller : FSE_SBA.Controllers.ProjectController
Action : RetrieveProjects
Action Parameters : System.Web.Http.Tracing.ITraceWriterExtensions+<>c__DisplayClass14_0

2019-11-25 02:24:38.9986|INFO|FSE_SBA.Utils.LoggingUtility|Operation Result Format: JSON
Request ID: 80000002-0001-f800-b63f-84710c7967bb
Method: GET
URL: http://localhost:49461/api/project
Controller : FSE_SBA.Controllers.ProjectController
Action : RetrieveProjects
Action Parameters : System.Web.Http.Tracing.ITraceWriterExtensions+<>c__DisplayClass14_0

2019-11-25 02:24:38.9986|INFO|FSE_SBA.Utils.LoggingUtility|Operation Result Format: JSON
Request ID: 80000002-0001-f800-b63f-84710c7967bb
Method: GET
URL: http://localhost:49461/api/project
Controller : FSE_SBA.Controllers.ProjectController
Action : RetrieveProjects
Action Parameters : System.Web.Http.Tracing.ITraceWriterExtensions+<>c__DisplayClass14_0

2019-11-25 02:24:38.9986|INFO|FSE_SBA.Utils.LoggingUtility|Operation Result Format: JSON
Request ID: 80000022-0001-f900-b63f-84710c7967bb
Method: GET
URL: http://localhost:49461/api/user
Controller : FSE_SBA.Controllers.UserController
Action : GetUser
Action Parameters : System.Web.Http.Tracing.ITraceWriterExtensions+<>c__DisplayClass14_0

2019-11-25 02:24:39.0206|INFO|FSE_SBA.Utils.LoggingUtility|Operation Result Format: JSON
Request ID: 80000022-0001-f900-b63f-84710c7967bb
Method: GET
URL: http://localhost:49461/api/user
Controller : FSE_SBA.Controllers.UserController
Action : GetUser
Action Parameters : System.Web.Http.Tracing.ITraceWriterExtensions+<>c__DisplayClass14_0

2019-11-25 02:26:12.0017|INFO|FSE_SBA.Utils.LoggingUtility|Operation Result Format: JSON
Request ID: 80000024-0001-f900-b63f-84710c7967bb
Method: POST
URL: http://localhost:49461/api/project/add
Controller : FSE_SBA.Controllers.ProjectController
Action : InsertProjectDetails
Action Parameters : System.Web.Http.Tracing.ITraceWriterExtensions+<>c__DisplayClass14_0

2019-11-25 02:26:12.0017|INFO|FSE_SBA.Utils.LoggingUtility|Operation Result Format: JSON
Request ID: 80000024-0001-f900-b63f-84710c7967bb
Method: POST
URL: http://localhost:49461/api/project/add
Controller : FSE_SBA.Controllers.ProjectController
Action : InsertProjectDetails
Action Parameters : System.Web.Http.Tracing.ITraceWriterExtensions+<>c__DisplayClass14_0

2019-11-25 02:26:16.0893|INFO|FSE_SBA.Utils.LoggingUtility|Operation Result Format: JSON
Request ID: 80000025-0001-f900-b63f-84710c7967bb
Method: GET
URL: http://localhost:49461/api/user
Controller : FSE_SBA.Controllers.UserController
Action : GetUser
Action Parameters : System.Web.Http.Tracing.ITraceWriterExtensions+<>c__DisplayClass14_0

2019-11-25 02:26:16.0913|INFO|FSE_SBA.Utils.LoggingUtility|Operation Result Format: JSON
Request ID: 80000025-0001-f900-b63f-84710c7967bb
Method: GET
URL: http://localhost:49461/api/user
Controller : FSE_SBA.Controllers.UserController
Action : GetUser
Action Parameters : System.Web.Http.Tracing.ITraceWriterExtensions+<>c__DisplayClass14_0

2019-11-25 02:26:16.0913|INFO|FSE_SBA.Utils.LoggingUtility|Operation Result Format: JSON
Request ID: 80000003-0001-f800-b63f-84710c7967bb
Method: GET
URL: http://localhost:49461/api/project
Controller : FSE_SBA.Controllers.ProjectController
Action : RetrieveProjects
Action Parameters : System.Web.Http.Tracing.ITraceWriterExtensions+<>c__DisplayClass14_0

2019-11-25 02:26:16.0913|INFO|FSE_SBA.Utils.LoggingUtility|Operation Result Format: JSON
Request ID: 80000003-0001-f800-b63f-84710c7967bb
Method: GET
URL: http://localhost:49461/api/project
Controller : FSE_SBA.Controllers.ProjectController
Action : RetrieveProjects
Action Parameters : System.Web.Http.Tracing.ITraceWriterExtensions+<>c__DisplayClass14_0

2019-11-25 02:26:37.0118|INFO|FSE_SBA.Utils.LoggingUtility|Operation Result Format: JSON
Request ID: 80000004-0001-f800-b63f-84710c7967bb
Method: GET
URL: http://localhost:49461/api/project
Controller : FSE_SBA.Controllers.ProjectController
Action : RetrieveProjects
Action Parameters : System.Web.Http.Tracing.ITraceWriterExtensions+<>c__DisplayClass14_0

2019-11-25 02:26:37.0158|INFO|FSE_SBA.Utils.LoggingUtility|Operation Result Format: JSON
Request ID: 80000004-0001-f800-b63f-84710c7967bb
Method: GET
URL: http://localhost:49461/api/project
Controller : FSE_SBA.Controllers.ProjectController
Action : RetrieveProjects
Action Parameters : System.Web.Http.Tracing.ITraceWriterExtensions+<>c__DisplayClass14_0

2019-11-25 02:26:50.7149|INFO|FSE_SBA.Utils.LoggingUtility|Operation Result Format: JSON
Request ID: 80000005-0001-f800-b63f-84710c7967bb
Method: GET
URL: http://localhost:49461/api/user
Controller : FSE_SBA.Controllers.UserController
Action : GetUser
Action Parameters : System.Web.Http.Tracing.ITraceWriterExtensions+<>c__DisplayClass14_0

2019-11-25 02:26:50.7169|INFO|FSE_SBA.Utils.LoggingUtility|Operation Result Format: JSON
Request ID: 80000005-0001-f800-b63f-84710c7967bb
Method: GET
URL: http://localhost:49461/api/user
Controller : FSE_SBA.Controllers.UserController
Action : GetUser
Action Parameters : System.Web.Http.Tracing.ITraceWriterExtensions+<>c__DisplayClass14_0

2019-11-25 02:26:50.7149|INFO|FSE_SBA.Utils.LoggingUtility|Operation Result Format: JSON
Request ID: 80000026-0001-f900-b63f-84710c7967bb
Method: GET
URL: http://localhost:49461/api/project
Controller : FSE_SBA.Controllers.ProjectController
Action : RetrieveProjects
Action Parameters : System.Web.Http.Tracing.ITraceWriterExtensions+<>c__DisplayClass14_0

2019-11-25 02:26:50.7349|INFO|FSE_SBA.Utils.LoggingUtility|Operation Result Format: JSON
Request ID: 80000026-0001-f900-b63f-84710c7967bb
Method: GET
URL: http://localhost:49461/api/project
Controller : FSE_SBA.Controllers.ProjectController
Action : RetrieveProjects
Action Parameters : System.Web.Http.Tracing.ITraceWriterExtensions+<>c__DisplayClass14_0

2019-11-25 02:27:50.6456|INFO|FSE_SBA.Utils.LoggingUtility|Operation Result Format: JSON
Request ID: 80000027-0001-f900-b63f-84710c7967bb
Method: GET
URL: http://localhost:49461/api/project
Controller : FSE_SBA.Controllers.ProjectController
Action : RetrieveProjects
Action Parameters : System.Web.Http.Tracing.ITraceWriterExtensions+<>c__DisplayClass14_0

2019-11-25 02:27:50.6456|INFO|FSE_SBA.Utils.LoggingUtility|Operation Result Format: JSON
Request ID: 80000027-0001-f900-b63f-84710c7967bb
Method: GET
URL: http://localhost:49461/api/project
Controller : FSE_SBA.Controllers.ProjectController
Action : RetrieveProjects
Action Parameters : System.Web.Http.Tracing.ITraceWriterExtensions+<>c__DisplayClass14_0

2019-11-25 02:28:19.0817|INFO|FSE_SBA.Utils.LoggingUtility|Operation Result Format: JSON
Request ID: 80000028-0001-f900-b63f-84710c7967bb
Method: GET
URL: http://localhost:49461/api/task/parent
Controller : FSE_SBA.Controllers.TaskController
Action : RetrieveParentTasks
Action Parameters : System.Web.Http.Tracing.ITraceWriterExtensions+<>c__DisplayClass14_0

2019-11-25 02:28:19.0817|INFO|FSE_SBA.Utils.LoggingUtility|Operation Result Format: JSON
Request ID: 80000028-0001-f900-b63f-84710c7967bb
Method: GET
URL: http://localhost:49461/api/task/parent
Controller : FSE_SBA.Controllers.TaskController
Action : RetrieveParentTasks
Action Parameters : System.Web.Http.Tracing.ITraceWriterExtensions+<>c__DisplayClass14_0

2019-11-25 02:28:31.5652|INFO|FSE_SBA.Utils.LoggingUtility|Operation Result Format: JSON
Request ID: 80000029-0001-f900-b63f-84710c7967bb
Method: GET
URL: http://localhost:49461/api/user
Controller : FSE_SBA.Controllers.UserController
Action : GetUser
Action Parameters : System.Web.Http.Tracing.ITraceWriterExtensions+<>c__DisplayClass14_0

2019-11-25 02:28:31.5652|INFO|FSE_SBA.Utils.LoggingUtility|Operation Result Format: JSON
Request ID: 80000029-0001-f900-b63f-84710c7967bb
Method: GET
URL: http://localhost:49461/api/user
Controller : FSE_SBA.Controllers.UserController
Action : GetUser
Action Parameters : System.Web.Http.Tracing.ITraceWriterExtensions+<>c__DisplayClass14_0

2019-11-25 02:28:36.5366|INFO|FSE_SBA.Utils.LoggingUtility|Operation Result Format: JSON
Request ID: 8000002b-0001-f900-b63f-84710c7967bb
Method: POST
URL: http://localhost:49461/api/task/add
Controller : FSE_SBA.Controllers.TaskController
Action : InsertTaskDetails
Action Parameters : System.Web.Http.Tracing.ITraceWriterExtensions+<>c__DisplayClass14_0

2019-11-25 02:28:36.5366|INFO|FSE_SBA.Utils.LoggingUtility|Operation Result Format: JSON
Request ID: 8000002b-0001-f900-b63f-84710c7967bb
Method: POST
URL: http://localhost:49461/api/task/add
Controller : FSE_SBA.Controllers.TaskController
Action : InsertTaskDetails
Action Parameters : System.Web.Http.Tracing.ITraceWriterExtensions+<>c__DisplayClass14_0

2019-11-25 02:28:43.9451|INFO|FSE_SBA.Utils.LoggingUtility|Operation Result Format: JSON
Request ID: 8000002c-0001-f900-b63f-84710c7967bb
Method: GET
URL: http://localhost:49461/api/project
Controller : FSE_SBA.Controllers.ProjectController
Action : RetrieveProjects
Action Parameters : System.Web.Http.Tracing.ITraceWriterExtensions+<>c__DisplayClass14_0

2019-11-25 02:28:43.9531|INFO|FSE_SBA.Utils.LoggingUtility|Operation Result Format: JSON
Request ID: 8000002c-0001-f900-b63f-84710c7967bb
Method: GET
URL: http://localhost:49461/api/project
Controller : FSE_SBA.Controllers.ProjectController
Action : RetrieveProjects
Action Parameters : System.Web.Http.Tracing.ITraceWriterExtensions+<>c__DisplayClass14_0

2019-11-25 02:28:48.3937|INFO|FSE_SBA.Utils.LoggingUtility|Operation Result Format: JSON
Request ID: 8000002d-0001-f900-b63f-84710c7967bb
Method: GET
URL: http://localhost:49461/api/task?projectId=1
Controller : FSE_SBA.Controllers.TaskController
Action : RetrieveTaskByProjectId
Action Parameters : System.Web.Http.Tracing.ITraceWriterExtensions+<>c__DisplayClass14_0

2019-11-25 02:28:48.3937|INFO|FSE_SBA.Utils.LoggingUtility|Operation Result Format: JSON
Request ID: 8000002d-0001-f900-b63f-84710c7967bb
Method: GET
URL: http://localhost:49461/api/task?projectId=1
Controller : FSE_SBA.Controllers.TaskController
Action : RetrieveTaskByProjectId
Action Parameters : System.Web.Http.Tracing.ITraceWriterExtensions+<>c__DisplayClass14_0

2019-11-25 02:29:02.6427|INFO|FSE_SBA.Utils.LoggingUtility|Operation Result Format: JSON
Request ID: 8000002e-0001-f900-b63f-84710c7967bb
Method: GET
URL: http://localhost:49461/api/user
Controller : FSE_SBA.Controllers.UserController
Action : GetUser
Action Parameters : System.Web.Http.Tracing.ITraceWriterExtensions+<>c__DisplayClass14_0

2019-11-25 02:29:02.6427|INFO|FSE_SBA.Utils.LoggingUtility|Operation Result Format: JSON
Request ID: 8000002e-0001-f900-b63f-84710c7967bb
Method: GET
URL: http://localhost:49461/api/user
Controller : FSE_SBA.Controllers.UserController
Action : GetUser
Action Parameters : System.Web.Http.Tracing.ITraceWriterExtensions+<>c__DisplayClass14_0

2019-11-25 02:30:43.4822|INFO|FSE_SBA.Utils.LoggingUtility|Operation Result Format: JSON
Request ID: 8000002f-0001-f900-b63f-84710c7967bb
Method: GET
URL: http://localhost:49461/api/user
Controller : FSE_SBA.Controllers.UserController
Action : GetUser
Action Parameters : System.Web.Http.Tracing.ITraceWriterExtensions+<>c__DisplayClass14_0

2019-11-25 02:30:43.4822|INFO|FSE_SBA.Utils.LoggingUtility|Operation Result Format: JSON
Request ID: 8000002f-0001-f900-b63f-84710c7967bb
Method: GET
URL: http://localhost:49461/api/user
Controller : FSE_SBA.Controllers.UserController
Action : GetUser
Action Parameters : System.Web.Http.Tracing.ITraceWriterExtensions+<>c__DisplayClass14_0

2019-11-25 02:31:20.7336|INFO|FSE_SBA.Utils.LoggingUtility|Operation Result Format: JSON
Request ID: 80000030-0001-f900-b63f-84710c7967bb
Method: GET
URL: http://localhost:49461/api/user
Controller : FSE_SBA.Controllers.UserController
Action : GetUser
Action Parameters : System.Web.Http.Tracing.ITraceWriterExtensions+<>c__DisplayClass14_0

2019-11-25 02:31:20.7336|INFO|FSE_SBA.Utils.LoggingUtility|Operation Result Format: JSON
Request ID: 80000030-0001-f900-b63f-84710c7967bb
Method: GET
URL: http://localhost:49461/api/user
Controller : FSE_SBA.Controllers.UserController
Action : GetUser
Action Parameters : System.Web.Http.Tracing.ITraceWriterExtensions+<>c__DisplayClass14_0

2019-11-25 02:31:20.7336|INFO|FSE_SBA.Utils.LoggingUtility|Operation Result Format: JSON
Request ID: 80000007-0001-f800-b63f-84710c7967bb
Method: GET
URL: http://localhost:49461/api/project
Controller : FSE_SBA.Controllers.ProjectController
Action : RetrieveProjects
Action Parameters : System.Web.Http.Tracing.ITraceWriterExtensions+<>c__DisplayClass14_0

2019-11-25 02:31:20.7696|INFO|FSE_SBA.Utils.LoggingUtility|Operation Result Format: JSON
Request ID: 80000007-0001-f800-b63f-84710c7967bb
Method: GET
URL: http://localhost:49461/api/project
Controller : FSE_SBA.Controllers.ProjectController
Action : RetrieveProjects
Action Parameters : System.Web.Http.Tracing.ITraceWriterExtensions+<>c__DisplayClass14_0

2019-11-25 02:31:23.2906|INFO|FSE_SBA.Utils.LoggingUtility|Operation Result Format: JSON
Request ID: 80000008-0001-f800-b63f-84710c7967bb
Method: GET
URL: http://localhost:49461/api/project
Controller : FSE_SBA.Controllers.ProjectController
Action : RetrieveProjects
Action Parameters : System.Web.Http.Tracing.ITraceWriterExtensions+<>c__DisplayClass14_0

2019-11-25 02:31:23.2906|INFO|FSE_SBA.Utils.LoggingUtility|Operation Result Format: JSON
Request ID: 80000008-0001-f800-b63f-84710c7967bb
Method: GET
URL: http://localhost:49461/api/project
Controller : FSE_SBA.Controllers.ProjectController
Action : RetrieveProjects
Action Parameters : System.Web.Http.Tracing.ITraceWriterExtensions+<>c__DisplayClass14_0

2019-11-25 02:31:27.5286|INFO|FSE_SBA.Utils.LoggingUtility|Operation Result Format: JSON
Request ID: 80000009-0001-f800-b63f-84710c7967bb
Method: GET
URL: http://localhost:49461/api/user
Controller : FSE_SBA.Controllers.UserController
Action : GetUser
Action Parameters : System.Web.Http.Tracing.ITraceWriterExtensions+<>c__DisplayClass14_0

2019-11-25 02:31:27.5286|INFO|FSE_SBA.Utils.LoggingUtility|Operation Result Format: JSON
Request ID: 80000009-0001-f800-b63f-84710c7967bb
Method: GET
URL: http://localhost:49461/api/user
Controller : FSE_SBA.Controllers.UserController
Action : GetUser
Action Parameters : System.Web.Http.Tracing.ITraceWriterExtensions+<>c__DisplayClass14_0

